<?xml version="1.0" encoding="UTF-8"?>
<testng-results total="1" passed="1" failed="0" skipped="0">
  <reporter-output>
  </reporter-output>
  <suite started-at="2023-01-22T21:21:15Z" name="link.com.test.LinkedTest" finished-at="2023-01-22T21:21:52Z" duration-ms="36825">
    <groups>
    </groups>
    <test started-at="2023-01-22T21:21:15Z" name="Command line test" finished-at="2023-01-22T21:21:52Z" duration-ms="36825">
      <class name="link.com.test.LinkedTest">
        <test-method is-config="true" signature="setUpClass()[pri:0, instance:link.com.test.LinkedTest@56aac163]" started-at="2023-01-22T15:21:15Z" name="setUpClass" finished-at="2023-01-22T15:21:15Z" duration-ms="3" status="PASS">
          <reporter-output>
          </reporter-output>
        </test-method> <!-- setUpClass -->
        <test-method is-config="true" signature="setUpMethod()[pri:0, instance:link.com.test.LinkedTest@56aac163]" started-at="2023-01-22T15:21:15Z" name="setUpMethod" finished-at="2023-01-22T15:21:20Z" duration-ms="4462" status="PASS">
          <reporter-output>
          </reporter-output>
        </test-method> <!-- setUpMethod -->
        <test-method signature="testFirstTestCase()[pri:0, instance:link.com.test.LinkedTest@56aac163]" started-at="2023-01-22T15:21:20Z" name="testFirstTestCase" finished-at="2023-01-22T15:21:52Z" duration-ms="32356" status="PASS">
          <reporter-output>
          </reporter-output>
        </test-method> <!-- testFirstTestCase -->
        <test-method is-config="true" signature="tearDownMethod()[pri:0, instance:link.com.test.LinkedTest@56aac163]" started-at="2023-01-22T15:21:52Z" name="tearDownMethod" finished-at="2023-01-22T15:21:52Z" duration-ms="1" status="PASS">
          <reporter-output>
          </reporter-output>
        </test-method> <!-- tearDownMethod -->
        <test-method is-config="true" signature="tearDownClass()[pri:0, instance:link.com.test.LinkedTest@56aac163]" started-at="2023-01-22T15:21:52Z" name="tearDownClass" finished-at="2023-01-22T15:21:52Z" duration-ms="0" status="PASS">
          <reporter-output>
          </reporter-output>
        </test-method> <!-- tearDownClass -->
      </class> <!-- link.com.test.LinkedTest -->
    </test> <!-- Command line test -->
  </suite> <!-- link.com.test.LinkedTest -->
</testng-results>
